Active-HDL 10.3.3559.6081  2016-07-03 20:32:05

Elaboration top modules:
Architecture                  bev(mux5bits)


-----------------------------------------------------------------------------------------------
Entity   | Architecture | Library     | Info | Compiler Version          | Compilation Options
-----------------------------------------------------------------------------------------------
mux5bits | bev          | uc_pipeline |      | 10.3.3559.6081  (Windows) | -O3
-----------------------------------------------------------------------------------------------

-----------------------------------------------------------------------------------------------
VHDL Package            | Library     | Info | Compiler Version          | Compilation Options
-----------------------------------------------------------------------------------------------
standard                | std         |      |                           | <unavailable>
TEXTIO                  | std         |      | 10.3.3559.6081  (Windows) |  -2008
std_logic_1164          | ieee        |      | 10.3.3559.6081  (Windows) |  -2008
std_logic_arith         | ieee        |      | 10.3.3559.6081  (Windows) | <unavailable>
STD_LOGIC_UNSIGNED      | ieee        |      | 10.3.3559.6081  (Windows) | <unavailable>
-----------------------------------------------------------------------------------------------

-----------------------------------------------------------------------------------------------
Library                 | Comment
-----------------------------------------------------------------------------------------------
ieee                    | Standard IEEE packages library
std                     | Standard VHDL library
uc_pipeline             | None
-----------------------------------------------------------------------------------------------
