Active-HDL 10.3.3559.6081  2016-07-02 15:26:49

Elaboration top modules:
Architecture                  TestbenchMemoriaPrincipal(TestbenchMemoriaPrincipal)


---------------------------------------------------------------------------------------------------------------------------------------
Entity                    | Architecture              | Library               | Info | Compiler Version          | Compilation Options
---------------------------------------------------------------------------------------------------------------------------------------
TestbenchMemoriaPrincipal | TestbenchMemoriaPrincipal | hierarquia_de_memoria |      | 10.3.3559.6081  (Windows) | -O3
MemoriaPrincipal          | MemoriaPrincipal          | hierarquia_de_memoria |      | 10.3.3559.6081  (Windows) | -O3
---------------------------------------------------------------------------------------------------------------------------------------

---------------------------------------------------------------------------------------------------------------------------------------
VHDL Package                                          | Library               | Info | Compiler Version          | Compilation Options
---------------------------------------------------------------------------------------------------------------------------------------
standard                                              | std                   |      |                           | <unavailable>
TEXTIO                                                | std                   |      | 10.3.3559.6081  (Windows) |  -2008
std_logic_1164                                        | ieee                  |      | 10.3.3559.6081  (Windows) |  -2008
STD_LOGIC_TEXTIO                                      | ieee                  |      | 10.3.3559.6081  (Windows) | <unavailable>
NUMERIC_STD                                           | ieee                  |      | 10.3.3559.6081  (Windows) |  -2008
---------------------------------------------------------------------------------------------------------------------------------------

---------------------------------------------------------------------------------------------------------------------------------------
Library                                               | Comment
---------------------------------------------------------------------------------------------------------------------------------------
hierarquia_de_memoria                                 | None
ieee                                                  | Standard IEEE packages library
std                                                   | Standard VHDL library
---------------------------------------------------------------------------------------------------------------------------------------
